[0mCompiling "target/cljs/figwheel/compiled/slingshot.js" from ["src" "test"]...
[32mSuccessfully compiled "target/cljs/figwheel/compiled/slingshot.js" in 5.693 seconds.[0m
notifying browser that file changed:  target/cljs/figwheel/compiled/goog/deps.js
notifying browser that file changed:  target/cljs/figwheel/compiled/cljs_deps.js
notifying browser that file changed:  out/slingshot/util.js
[0mCompiling "target/cljs/figwheel/compiled/slingshot.js" from ["src" "test"]...
[32mSuccessfully compiled "target/cljs/figwheel/compiled/slingshot.js" in 5.782 seconds.[0m
notifying browser that file changed:  out/slingshot/util.js
[0mCompiling "target/cljs/figwheel/compiled/slingshot.js" from ["src" "test"]...
[32mSuccessfully compiled "target/cljs/figwheel/compiled/slingshot.js" in 5.499 seconds.[0m
notifying browser that file changed:  out/slingshot/slingshot_test.js
[0mCompiling "target/cljs/figwheel/compiled/slingshot.js" from ["src" "test"]...
[32mSuccessfully compiled "target/cljs/figwheel/compiled/slingshot.js" in 3.872 seconds.[0m
notifying browser that file changed:  out/slingshot/slingshot_test.js
[0mCompiling "target/cljs/figwheel/compiled/slingshot.js" from ["src" "test"]...
[32mSuccessfully compiled "target/cljs/figwheel/compiled/slingshot.js" in 3.874 seconds.[0m
notifying browser that file changed:  out/slingshot/slingshot_test.js
[0mCompiling "target/cljs/figwheel/compiled/slingshot.js" from ["src" "test"]...
[32mSuccessfully compiled "target/cljs/figwheel/compiled/slingshot.js" in 4.068 seconds.[0m
notifying browser that file changed:  out/slingshot/slingshot_test.js
[0mCompiling "target/cljs/figwheel/compiled/slingshot.js" from ["src" "test"]...
[31mFailed to compile "target/cljs/figwheel/compiled/slingshot.js" in 0.011 seconds.[0m
[31mCompiling "target/cljs/figwheel/compiled/slingshot.js" failed.
[0mclojure.lang.Compiler$CompilerException: java.lang.RuntimeException: Unable to resolve symbol: enable-console-print! in this context, compiling:(/Users/alexandergunnarson/Development/Source Code Projects/quanta-projects/slingshot/test/slingshot/slingshot_test.cljc:33:13)
 at clojure.lang.Compiler.analyze (Compiler.java:6688)
    clojure.lang.Compiler.analyze (Compiler.java:6625)
    clojure.lang.Compiler$InvokeExpr.parse (Compiler.java:3766)
    clojure.lang.Compiler.analyzeSeq (Compiler.java:6870)
    clojure.lang.Compiler.analyze (Compiler.java:6669)
    clojure.lang.Compiler.analyze (Compiler.java:6625)
    clojure.lang.Compiler$BodyExpr$Parser.parse (Compiler.java:6001)
    clojure.lang.Compiler$FnMethod.parse (Compiler.java:5380)
    clojure.lang.Compiler$FnExpr.parse (Compiler.java:3972)
    clojure.lang.Compiler.analyzeSeq (Compiler.java:6866)
    clojure.lang.Compiler.analyze (Compiler.java:6669)
    clojure.lang.Compiler.eval (Compiler.java:6924)
    clojure.lang.Compiler.eval (Compiler.java:6916)
    clojure.lang.Compiler.load (Compiler.java:7379)
    clojure.lang.Compiler.loadFile (Compiler.java:7317)
    clojure.lang.RT$3.invoke (RT.java:320)
    figwheel_sidecar.build_middleware.clj_reloading$handle_clj_source_reloading.invokeStatic (clj_reloading.clj:77)
    figwheel_sidecar.build_middleware.clj_reloading$handle_clj_source_reloading.invoke (clj_reloading.clj:62)
    figwheel_sidecar.build_middleware.clj_reloading$hook$fn__17977.invoke (clj_reloading.clj:109)
    figwheel_sidecar.build_middleware.javascript_reloading$hook$fn__18023.invoke (javascript_reloading.clj:60)
    figwheel_sidecar.components.cljs_autobuild$eval18038$figwheel_start_and_end_messages__18041$fn__18043.invoke (cljs_autobuild.clj:51)
    figwheel_sidecar.build_middleware.notifications$hook$fn__17901.invoke (notifications.clj:217)
    figwheel_sidecar.components.cljs_autobuild$execute_build$fn__18069.invoke (cljs_autobuild.clj:158)
    figwheel_sidecar.utils$sync_exec$fn__2145$fn__2146.invoke (utils.clj:13)
    figwheel_sidecar.utils$sync_exec$fn__2145.invoke (utils.clj:12)
    clojure.core$binding_conveyor_fn$fn__4676.invoke (core.clj:1941)
    clojure.lang.AFn.applyToHelper (AFn.java:154)
    clojure.lang.RestFn.applyTo (RestFn.java:132)
    clojure.lang.Agent$Action.doRun (Agent.java:114)
    clojure.lang.Agent$Action.run (Agent.java:163)
[0mCompiling "target/cljs/figwheel/compiled/slingshot.js" from ["src" "test"]...
[31mFailed to compile "target/cljs/figwheel/compiled/slingshot.js" in 0.595 seconds.[0m
[31mCompiling "target/cljs/figwheel/compiled/slingshot.js" failed.
[0m[31mANALYSIS ERROR: Wrong number of args (2) passed to: core/macroexpand-1 at line 34 test/slingshot/slingshot_test.cljc on file test/slingshot/slingshot_test.cljc, line 34, column 14[0m
[0mCompiling "target/cljs/figwheel/compiled/slingshot.js" from ["src" "test"]...
[32mSuccessfully compiled "target/cljs/figwheel/compiled/slingshot.js" in 3.766 seconds.[0m
notifying browser that file changed:  out/slingshot/slingshot_test.js
[0mCompiling "target/cljs/figwheel/compiled/slingshot.js" from ["src" "test"]...
[32mSuccessfully compiled "target/cljs/figwheel/compiled/slingshot.js" in 4.205 seconds.[0m
notifying browser that file changed:  out/slingshot/slingshot_test.js
[0mCompiling "target/cljs/figwheel/compiled/slingshot.js" from ["src" "test"]...
WARNING: Can't take value of macro slingshot.slingshot-test/caught-result-from-catch at line 20 /Users/alexandergunnarson/Development/Source Code Projects/quanta-projects/slingshot/test/slingshot/slingshot_test.cljc
WARNING: Use of undeclared Var slingshot.slingshot-test/testing at line 6 /Users/alexandergunnarson/Development/Source Code Projects/quanta-projects/slingshot/test/slingshot/slingshot_test.cljc
WARNING: Use of undeclared Var slingshot.slingshot-test/async at line 6 /Users/alexandergunnarson/Development/Source Code Projects/quanta-projects/slingshot/test/slingshot/slingshot_test.cljc
WARNING: Use of undeclared Var slingshot.slingshot-test/go at line 22 /Users/alexandergunnarson/Development/Source Code Projects/quanta-projects/slingshot/test/slingshot/slingshot_test.cljc
WARNING: Use of undeclared Var slingshot.slingshot-test/try+ at line 15 /Users/alexandergunnarson/Development/Source Code Projects/quanta-projects/slingshot/test/slingshot/slingshot_test.cljc
WARNING: Use of undeclared Var slingshot.slingshot-test/is at line 6 /Users/alexandergunnarson/Development/Source Code Projects/quanta-projects/slingshot/test/slingshot/slingshot_test.cljc
WARNING: Can't take value of macro slingshot.slingshot-test/mega-try at line 20 /Users/alexandergunnarson/Development/Source Code Projects/quanta-projects/slingshot/test/slingshot/slingshot_test.cljc
WARNING: Use of undeclared Var slingshot.slingshot-test/deftest at line 6 /Users/alexandergunnarson/Development/Source Code Projects/quanta-projects/slingshot/test/slingshot/slingshot_test.cljc
WARNING: Can't take value of macro slingshot.slingshot-test/mexp1 at line 20 /Users/alexandergunnarson/Development/Source Code Projects/quanta-projects/slingshot/test/slingshot/slingshot_test.cljc
WARNING: Use of undeclared Var slingshot.slingshot-test/throw+ at line 15 /Users/alexandergunnarson/Development/Source Code Projects/quanta-projects/slingshot/test/slingshot/slingshot_test.cljc
WARNING: Can't take value of macro slingshot.slingshot-test/caught-result at line 20 /Users/alexandergunnarson/Development/Source Code Projects/quanta-projects/slingshot/test/slingshot/slingshot_test.cljc
WARNING: Can't take value of macro slingshot.slingshot-test/thistest at line 28 /Users/alexandergunnarson/Development/Source Code Projects/quanta-projects/slingshot/test/slingshot/slingshot_test.cljc
WARNING: Can't take value of macro slingshot.slingshot-test/caught-result-from-catch at line 28 /Users/alexandergunnarson/Development/Source Code Projects/quanta-projects/slingshot/test/slingshot/slingshot_test.cljc
WARNING: Can't take value of macro slingshot.slingshot-test/mega-try at line 28 /Users/alexandergunnarson/Development/Source Code Projects/quanta-projects/slingshot/test/slingshot/slingshot_test.cljc
WARNING: Can't take value of macro slingshot.slingshot-test/mexp1 at line 28 /Users/alexandergunnarson/Development/Source Code Projects/quanta-projects/slingshot/test/slingshot/slingshot_test.cljc
WARNING: Can't take value of macro slingshot.slingshot-test/env at line 28 /Users/alexandergunnarson/Development/Source Code Projects/quanta-projects/slingshot/test/slingshot/slingshot_test.cljc
WARNING: Can't take value of macro slingshot.slingshot-test/caught-result at line 28 /Users/alexandergunnarson/Development/Source Code Projects/quanta-projects/slingshot/test/slingshot/slingshot_test.cljc
WARNING: Use of undeclared Var slingshot.slingshot-test/form at line 28 /Users/alexandergunnarson/Development/Source Code Projects/quanta-projects/slingshot/test/slingshot/slingshot_test.cljc
WARNING: Can't take value of macro slingshot.slingshot-test/thistest at line 28 /Users/alexandergunnarson/Development/Source Code Projects/quanta-projects/slingshot/test/slingshot/slingshot_test.cljc
WARNING: Use of undeclared Var slingshot.slingshot-test/cause at line 28 /Users/alexandergunnarson/Development/Source Code Projects/quanta-projects/slingshot/test/slingshot/slingshot_test.cljc
WARNING: Use of undeclared Var slingshot.slingshot-test/& at line 28 /Users/alexandergunnarson/Development/Source Code Projects/quanta-projects/slingshot/test/slingshot/slingshot_test.cljc
WARNING: Use of undeclared Var slingshot.slingshot-test/body at line 28 /Users/alexandergunnarson/Development/Source Code Projects/quanta-projects/slingshot/test/slingshot/slingshot_test.cljc
WARNING: Can't take value of macro slingshot.slingshot-test/caught-result-from-catch at line 28 /Users/alexandergunnarson/Development/Source Code Projects/quanta-projects/slingshot/test/slingshot/slingshot_test.cljc
WARNING: Use of undeclared Var slingshot.slingshot-test/body at line 28 /Users/alexandergunnarson/Development/Source Code Projects/quanta-projects/slingshot/test/slingshot/slingshot_test.cljc
WARNING: Can't take value of macro slingshot.slingshot-test/mega-try at line 28 /Users/alexandergunnarson/Development/Source Code Projects/quanta-projects/slingshot/test/slingshot/slingshot_test.cljc
WARNING: Use of undeclared Var slingshot.slingshot-test/form at line 28 /Users/alexandergunnarson/Development/Source Code Projects/quanta-projects/slingshot/test/slingshot/slingshot_test.cljc
WARNING: Can't take value of macro slingshot.slingshot-test/mexp1 at line 28 /Users/alexandergunnarson/Development/Source Code Projects/quanta-projects/slingshot/test/slingshot/slingshot_test.cljc
WARNING: Can't take value of macro slingshot.slingshot-test/env at line 28 /Users/alexandergunnarson/Development/Source Code Projects/quanta-projects/slingshot/test/slingshot/slingshot_test.cljc
WARNING: Use of undeclared Var slingshot.slingshot-test/& at line 28 /Users/alexandergunnarson/Development/Source Code Projects/quanta-projects/slingshot/test/slingshot/slingshot_test.cljc
WARNING: Use of undeclared Var slingshot.slingshot-test/body at line 28 /Users/alexandergunnarson/Development/Source Code Projects/quanta-projects/slingshot/test/slingshot/slingshot_test.cljc
WARNING: Can't take value of macro slingshot.slingshot-test/caught-result at line 28 /Users/alexandergunnarson/Development/Source Code Projects/quanta-projects/slingshot/test/slingshot/slingshot_test.cljc
WARNING: Use of undeclared Var slingshot.slingshot-test/console at line 28 /Users/alexandergunnarson/Development/Source Code Projects/quanta-projects/slingshot/test/slingshot/slingshot_test.cljc
WARNING: Use of undeclared Var slingshot.slingshot-test/location at line 28 /Users/alexandergunnarson/Development/Source Code Projects/quanta-projects/slingshot/test/slingshot/slingshot_test.cljc
WARNING: Use of undeclared Var slingshot.slingshot-test/escape at line 28 /Users/alexandergunnarson/Development/Source Code Projects/quanta-projects/slingshot/test/slingshot/slingshot_test.cljc
WARNING: Use of undeclared Var slingshot.slingshot-test/screen at line 28 /Users/alexandergunnarson/Development/Source Code Projects/quanta-projects/slingshot/test/slingshot/slingshot_test.cljc
WARNING: Use of undeclared Var slingshot.slingshot-test/global at line 28 /Users/alexandergunnarson/Development/Source Code Projects/quanta-projects/slingshot/test/slingshot/slingshot_test.cljc
WARNING: Use of undeclared Var slingshot.slingshot-test/process at line 28 /Users/alexandergunnarson/Development/Source Code Projects/quanta-projects/slingshot/test/slingshot/slingshot_test.cljc
WARNING: Use of undeclared Var slingshot.slingshot-test/require at line 28 /Users/alexandergunnarson/Development/Source Code Projects/quanta-projects/slingshot/test/slingshot/slingshot_test.cljc
WARNING: Use of undeclared Var slingshot.slingshot-test/alert at line 28 /Users/alexandergunnarson/Development/Source Code Projects/quanta-projects/slingshot/test/slingshot/slingshot_test.cljc
WARNING: Use of undeclared Var slingshot.slingshot-test/history at line 28 /Users/alexandergunnarson/Development/Source Code Projects/quanta-projects/slingshot/test/slingshot/slingshot_test.cljc
WARNING: Use of undeclared Var slingshot.slingshot-test/window at line 28 /Users/alexandergunnarson/Development/Source Code Projects/quanta-projects/slingshot/test/slingshot/slingshot_test.cljc
WARNING: Use of undeclared Var slingshot.slingshot-test/module at line 28 /Users/alexandergunnarson/Development/Source Code Projects/quanta-projects/slingshot/test/slingshot/slingshot_test.cljc
WARNING: Use of undeclared Var slingshot.slingshot-test/exports at line 28 /Users/alexandergunnarson/Development/Source Code Projects/quanta-projects/slingshot/test/slingshot/slingshot_test.cljc
WARNING: Use of undeclared Var slingshot.slingshot-test/document at line 28 /Users/alexandergunnarson/Development/Source Code Projects/quanta-projects/slingshot/test/slingshot/slingshot_test.cljc
WARNING: Use of undeclared Var slingshot.slingshot-test/navigator at line 28 /Users/alexandergunnarson/Development/Source Code Projects/quanta-projects/slingshot/test/slingshot/slingshot_test.cljc
WARNING: Use of undeclared Var slingshot.slingshot-test/unescape at line 28 /Users/alexandergunnarson/Development/Source Code Projects/quanta-projects/slingshot/test/slingshot/slingshot_test.cljc
WARNING: Use of undeclared Var slingshot.slingshot-test/console at line 28 /Users/alexandergunnarson/Development/Source Code Projects/quanta-projects/slingshot/test/slingshot/slingshot_test.cljc
WARNING: Use of undeclared Var slingshot.slingshot-test/location at line 28 /Users/alexandergunnarson/Development/Source Code Projects/quanta-projects/slingshot/test/slingshot/slingshot_test.cljc
WARNING: Use of undeclared Var slingshot.slingshot-test/escape at line 28 /Users/alexandergunnarson/Development/Source Code Projects/quanta-projects/slingshot/test/slingshot/slingshot_test.cljc
WARNING: Use of undeclared Var slingshot.slingshot-test/screen at line 28 /Users/alexandergunnarson/Development/Source Code Projects/quanta-projects/slingshot/test/slingshot/slingshot_test.cljc
WARNING: Use of undeclared Var slingshot.slingshot-test/global at line 28 /Users/alexandergunnarson/Development/Source Code Projects/quanta-projects/slingshot/test/slingshot/slingshot_test.cljc
WARNING: Use of undeclared Var slingshot.slingshot-test/process at line 28 /Users/alexandergunnarson/Development/Source Code Projects/quanta-projects/slingshot/test/slingshot/slingshot_test.cljc
WARNING: Use of undeclared Var slingshot.slingshot-test/require at line 28 /Users/alexandergunnarson/Development/Source Code Projects/quanta-projects/slingshot/test/slingshot/slingshot_test.cljc
WARNING: Use of undeclared Var slingshot.slingshot-test/alert at line 28 /Users/alexandergunnarson/Development/Source Code Projects/quanta-projects/slingshot/test/slingshot/slingshot_test.cljc
WARNING: Use of undeclared Var slingshot.slingshot-test/history at line 28 /Users/alexandergunnarson/Development/Source Code Projects/quanta-projects/slingshot/test/slingshot/slingshot_test.cljc
WARNING: Use of undeclared Var slingshot.slingshot-test/window at line 28 /Users/alexandergunnarson/Development/Source Code Projects/quanta-projects/slingshot/test/slingshot/slingshot_test.cljc
WARNING: Use of undeclared Var slingshot.slingshot-test/module at line 28 /Users/alexandergunnarson/Development/Source Code Projects/quanta-projects/slingshot/test/slingshot/slingshot_test.cljc
WARNING: Use of undeclared Var slingshot.slingshot-test/exports at line 28 /Users/alexandergunnarson/Development/Source Code Projects/quanta-projects/slingshot/test/slingshot/slingshot_test.cljc
WARNING: Use of undeclared Var slingshot.slingshot-test/document at line 28 /Users/alexandergunnarson/Development/Source Code Projects/quanta-projects/slingshot/test/slingshot/slingshot_test.cljc
WARNING: Use of undeclared Var slingshot.slingshot-test/navigator at line 28 /Users/alexandergunnarson/Development/Source Code Projects/quanta-projects/slingshot/test/slingshot/slingshot_test.cljc
WARNING: Use of undeclared Var slingshot.slingshot-test/unescape at line 28 /Users/alexandergunnarson/Development/Source Code Projects/quanta-projects/slingshot/test/slingshot/slingshot_test.cljc
[32mSuccessfully compiled "target/cljs/figwheel/compiled/slingshot.js" in 4.596 seconds.[0m
notifying browser that file changed:  out/slingshot/slingshot_test.js
[0mCompiling "target/cljs/figwheel/compiled/slingshot.js" from ["src" "test"]...
WARNING: Can't take value of macro slingshot.slingshot-test/caught-result-from-catch at line 20 /Users/alexandergunnarson/Development/Source Code Projects/quanta-projects/slingshot/test/slingshot/slingshot_test.cljc
WARNING: Use of undeclared Var slingshot.slingshot-test/testing at line 6 /Users/alexandergunnarson/Development/Source Code Projects/quanta-projects/slingshot/test/slingshot/slingshot_test.cljc
WARNING: Use of undeclared Var slingshot.slingshot-test/async at line 6 /Users/alexandergunnarson/Development/Source Code Projects/quanta-projects/slingshot/test/slingshot/slingshot_test.cljc
WARNING: Use of undeclared Var slingshot.slingshot-test/go at line 22 /Users/alexandergunnarson/Development/Source Code Projects/quanta-projects/slingshot/test/slingshot/slingshot_test.cljc
WARNING: Use of undeclared Var slingshot.slingshot-test/try+ at line 15 /Users/alexandergunnarson/Development/Source Code Projects/quanta-projects/slingshot/test/slingshot/slingshot_test.cljc
WARNING: Use of undeclared Var slingshot.slingshot-test/is at line 6 /Users/alexandergunnarson/Development/Source Code Projects/quanta-projects/slingshot/test/slingshot/slingshot_test.cljc
WARNING: Can't take value of macro slingshot.slingshot-test/mega-try at line 20 /Users/alexandergunnarson/Development/Source Code Projects/quanta-projects/slingshot/test/slingshot/slingshot_test.cljc
WARNING: Use of undeclared Var slingshot.slingshot-test/deftest at line 6 /Users/alexandergunnarson/Development/Source Code Projects/quanta-projects/slingshot/test/slingshot/slingshot_test.cljc
WARNING: Can't take value of macro slingshot.slingshot-test/mexp1 at line 20 /Users/alexandergunnarson/Development/Source Code Projects/quanta-projects/slingshot/test/slingshot/slingshot_test.cljc
WARNING: Use of undeclared Var slingshot.slingshot-test/throw+ at line 15 /Users/alexandergunnarson/Development/Source Code Projects/quanta-projects/slingshot/test/slingshot/slingshot_test.cljc
WARNING: Can't take value of macro slingshot.slingshot-test/caught-result at line 20 /Users/alexandergunnarson/Development/Source Code Projects/quanta-projects/slingshot/test/slingshot/slingshot_test.cljc
WARNING: Can't take value of macro slingshot.slingshot-test/thistest at line 28 /Users/alexandergunnarson/Development/Source Code Projects/quanta-projects/slingshot/test/slingshot/slingshot_test.cljc
WARNING: Can't take value of macro slingshot.slingshot-test/caught-result-from-catch at line 28 /Users/alexandergunnarson/Development/Source Code Projects/quanta-projects/slingshot/test/slingshot/slingshot_test.cljc
WARNING: Can't take value of macro slingshot.slingshot-test/mega-try at line 28 /Users/alexandergunnarson/Development/Source Code Projects/quanta-projects/slingshot/test/slingshot/slingshot_test.cljc
WARNING: Can't take value of macro slingshot.slingshot-test/mexp1 at line 28 /Users/alexandergunnarson/Development/Source Code Projects/quanta-projects/slingshot/test/slingshot/slingshot_test.cljc
WARNING: Can't take value of macro slingshot.slingshot-test/env at line 28 /Users/alexandergunnarson/Development/Source Code Projects/quanta-projects/slingshot/test/slingshot/slingshot_test.cljc
WARNING: Can't take value of macro slingshot.slingshot-test/caught-result at line 28 /Users/alexandergunnarson/Development/Source Code Projects/quanta-projects/slingshot/test/slingshot/slingshot_test.cljc
WARNING: Use of undeclared Var slingshot.slingshot-test/form at line 28 /Users/alexandergunnarson/Development/Source Code Projects/quanta-projects/slingshot/test/slingshot/slingshot_test.cljc
WARNING: Can't take value of macro slingshot.slingshot-test/thistest at line 28 /Users/alexandergunnarson/Development/Source Code Projects/quanta-projects/slingshot/test/slingshot/slingshot_test.cljc
WARNING: Use of undeclared Var slingshot.slingshot-test/cause at line 28 /Users/alexandergunnarson/Development/Source Code Projects/quanta-projects/slingshot/test/slingshot/slingshot_test.cljc
WARNING: Use of undeclared Var slingshot.slingshot-test/& at line 28 /Users/alexandergunnarson/Development/Source Code Projects/quanta-projects/slingshot/test/slingshot/slingshot_test.cljc
WARNING: Use of undeclared Var slingshot.slingshot-test/body at line 28 /Users/alexandergunnarson/Development/Source Code Projects/quanta-projects/slingshot/test/slingshot/slingshot_test.cljc
WARNING: Can't take value of macro slingshot.slingshot-test/caught-result-from-catch at line 28 /Users/alexandergunnarson/Development/Source Code Projects/quanta-projects/slingshot/test/slingshot/slingshot_test.cljc
WARNING: Use of undeclared Var slingshot.slingshot-test/body at line 28 /Users/alexandergunnarson/Development/Source Code Projects/quanta-projects/slingshot/test/slingshot/slingshot_test.cljc
WARNING: Can't take value of macro slingshot.slingshot-test/mega-try at line 28 /Users/alexandergunnarson/Development/Source Code Projects/quanta-projects/slingshot/test/slingshot/slingshot_test.cljc
WARNING: Use of undeclared Var slingshot.slingshot-test/form at line 28 /Users/alexandergunnarson/Development/Source Code Projects/quanta-projects/slingshot/test/slingshot/slingshot_test.cljc
WARNING: Can't take value of macro slingshot.slingshot-test/mexp1 at line 28 /Users/alexandergunnarson/Development/Source Code Projects/quanta-projects/slingshot/test/slingshot/slingshot_test.cljc
WARNING: Can't take value of macro slingshot.slingshot-test/env at line 28 /Users/alexandergunnarson/Development/Source Code Projects/quanta-projects/slingshot/test/slingshot/slingshot_test.cljc
WARNING: Use of undeclared Var slingshot.slingshot-test/& at line 28 /Users/alexandergunnarson/Development/Source Code Projects/quanta-projects/slingshot/test/slingshot/slingshot_test.cljc
WARNING: Use of undeclared Var slingshot.slingshot-test/body at line 28 /Users/alexandergunnarson/Development/Source Code Projects/quanta-projects/slingshot/test/slingshot/slingshot_test.cljc
WARNING: Can't take value of macro slingshot.slingshot-test/caught-result at line 28 /Users/alexandergunnarson/Development/Source Code Projects/quanta-projects/slingshot/test/slingshot/slingshot_test.cljc
WARNING: Use of undeclared Var slingshot.slingshot-test/console at line 28 /Users/alexandergunnarson/Development/Source Code Projects/quanta-projects/slingshot/test/slingshot/slingshot_test.cljc
WARNING: Use of undeclared Var slingshot.slingshot-test/location at line 28 /Users/alexandergunnarson/Development/Source Code Projects/quanta-projects/slingshot/test/slingshot/slingshot_test.cljc
WARNING: Use of undeclared Var slingshot.slingshot-test/escape at line 28 /Users/alexandergunnarson/Development/Source Code Projects/quanta-projects/slingshot/test/slingshot/slingshot_test.cljc
WARNING: Use of undeclared Var slingshot.slingshot-test/screen at line 28 /Users/alexandergunnarson/Development/Source Code Projects/quanta-projects/slingshot/test/slingshot/slingshot_test.cljc
WARNING: Use of undeclared Var slingshot.slingshot-test/global at line 28 /Users/alexandergunnarson/Development/Source Code Projects/quanta-projects/slingshot/test/slingshot/slingshot_test.cljc
WARNING: Use of undeclared Var slingshot.slingshot-test/process at line 28 /Users/alexandergunnarson/Development/Source Code Projects/quanta-projects/slingshot/test/slingshot/slingshot_test.cljc
WARNING: Use of undeclared Var slingshot.slingshot-test/require at line 28 /Users/alexandergunnarson/Development/Source Code Projects/quanta-projects/slingshot/test/slingshot/slingshot_test.cljc
WARNING: Use of undeclared Var slingshot.slingshot-test/alert at line 28 /Users/alexandergunnarson/Development/Source Code Projects/quanta-projects/slingshot/test/slingshot/slingshot_test.cljc
WARNING: Use of undeclared Var slingshot.slingshot-test/history at line 28 /Users/alexandergunnarson/Development/Source Code Projects/quanta-projects/slingshot/test/slingshot/slingshot_test.cljc
WARNING: Use of undeclared Var slingshot.slingshot-test/window at line 28 /Users/alexandergunnarson/Development/Source Code Projects/quanta-projects/slingshot/test/slingshot/slingshot_test.cljc
WARNING: Use of undeclared Var slingshot.slingshot-test/module at line 28 /Users/alexandergunnarson/Development/Source Code Projects/quanta-projects/slingshot/test/slingshot/slingshot_test.cljc
WARNING: Use of undeclared Var slingshot.slingshot-test/exports at line 28 /Users/alexandergunnarson/Development/Source Code Projects/quanta-projects/slingshot/test/slingshot/slingshot_test.cljc
WARNING: Use of undeclared Var slingshot.slingshot-test/document at line 28 /Users/alexandergunnarson/Development/Source Code Projects/quanta-projects/slingshot/test/slingshot/slingshot_test.cljc
WARNING: Use of undeclared Var slingshot.slingshot-test/navigator at line 28 /Users/alexandergunnarson/Development/Source Code Projects/quanta-projects/slingshot/test/slingshot/slingshot_test.cljc
WARNING: Use of undeclared Var slingshot.slingshot-test/unescape at line 28 /Users/alexandergunnarson/Development/Source Code Projects/quanta-projects/slingshot/test/slingshot/slingshot_test.cljc
WARNING: Use of undeclared Var slingshot.slingshot-test/console at line 28 /Users/alexandergunnarson/Development/Source Code Projects/quanta-projects/slingshot/test/slingshot/slingshot_test.cljc
WARNING: Use of undeclared Var slingshot.slingshot-test/location at line 28 /Users/alexandergunnarson/Development/Source Code Projects/quanta-projects/slingshot/test/slingshot/slingshot_test.cljc
WARNING: Use of undeclared Var slingshot.slingshot-test/escape at line 28 /Users/alexandergunnarson/Development/Source Code Projects/quanta-projects/slingshot/test/slingshot/slingshot_test.cljc
WARNING: Use of undeclared Var slingshot.slingshot-test/screen at line 28 /Users/alexandergunnarson/Development/Source Code Projects/quanta-projects/slingshot/test/slingshot/slingshot_test.cljc
WARNING: Use of undeclared Var slingshot.slingshot-test/global at line 28 /Users/alexandergunnarson/Development/Source Code Projects/quanta-projects/slingshot/test/slingshot/slingshot_test.cljc
WARNING: Use of undeclared Var slingshot.slingshot-test/process at line 28 /Users/alexandergunnarson/Development/Source Code Projects/quanta-projects/slingshot/test/slingshot/slingshot_test.cljc
WARNING: Use of undeclared Var slingshot.slingshot-test/require at line 28 /Users/alexandergunnarson/Development/Source Code Projects/quanta-projects/slingshot/test/slingshot/slingshot_test.cljc
WARNING: Use of undeclared Var slingshot.slingshot-test/alert at line 28 /Users/alexandergunnarson/Development/Source Code Projects/quanta-projects/slingshot/test/slingshot/slingshot_test.cljc
WARNING: Use of undeclared Var slingshot.slingshot-test/history at line 28 /Users/alexandergunnarson/Development/Source Code Projects/quanta-projects/slingshot/test/slingshot/slingshot_test.cljc
WARNING: Use of undeclared Var slingshot.slingshot-test/window at line 28 /Users/alexandergunnarson/Development/Source Code Projects/quanta-projects/slingshot/test/slingshot/slingshot_test.cljc
WARNING: Use of undeclared Var slingshot.slingshot-test/module at line 28 /Users/alexandergunnarson/Development/Source Code Projects/quanta-projects/slingshot/test/slingshot/slingshot_test.cljc
WARNING: Use of undeclared Var slingshot.slingshot-test/exports at line 28 /Users/alexandergunnarson/Development/Source Code Projects/quanta-projects/slingshot/test/slingshot/slingshot_test.cljc
WARNING: Use of undeclared Var slingshot.slingshot-test/document at line 28 /Users/alexandergunnarson/Development/Source Code Projects/quanta-projects/slingshot/test/slingshot/slingshot_test.cljc
WARNING: Use of undeclared Var slingshot.slingshot-test/navigator at line 28 /Users/alexandergunnarson/Development/Source Code Projects/quanta-projects/slingshot/test/slingshot/slingshot_test.cljc
WARNING: Use of undeclared Var slingshot.slingshot-test/unescape at line 28 /Users/alexandergunnarson/Development/Source Code Projects/quanta-projects/slingshot/test/slingshot/slingshot_test.cljc
[32mSuccessfully compiled "target/cljs/figwheel/compiled/slingshot.js" in 4.457 seconds.[0m
notifying browser that file changed:  out/slingshot/slingshot_test.js
[0mCompiling "target/cljs/figwheel/compiled/slingshot.js" from ["src" "test"]...
WARNING: Can't take value of macro slingshot.slingshot-test/caught-result-from-catch at line 20 /Users/alexandergunnarson/Development/Source Code Projects/quanta-projects/slingshot/test/slingshot/slingshot_test.cljc
WARNING: Use of undeclared Var slingshot.slingshot-test/testing at line 6 /Users/alexandergunnarson/Development/Source Code Projects/quanta-projects/slingshot/test/slingshot/slingshot_test.cljc
WARNING: Use of undeclared Var slingshot.slingshot-test/async at line 6 /Users/alexandergunnarson/Development/Source Code Projects/quanta-projects/slingshot/test/slingshot/slingshot_test.cljc
WARNING: Use of undeclared Var slingshot.slingshot-test/go at line 22 /Users/alexandergunnarson/Development/Source Code Projects/quanta-projects/slingshot/test/slingshot/slingshot_test.cljc
WARNING: Use of undeclared Var slingshot.slingshot-test/try+ at line 15 /Users/alexandergunnarson/Development/Source Code Projects/quanta-projects/slingshot/test/slingshot/slingshot_test.cljc
WARNING: Use of undeclared Var slingshot.slingshot-test/is at line 6 /Users/alexandergunnarson/Development/Source Code Projects/quanta-projects/slingshot/test/slingshot/slingshot_test.cljc
WARNING: Can't take value of macro slingshot.slingshot-test/mega-try at line 20 /Users/alexandergunnarson/Development/Source Code Projects/quanta-projects/slingshot/test/slingshot/slingshot_test.cljc
WARNING: Use of undeclared Var slingshot.slingshot-test/deftest at line 6 /Users/alexandergunnarson/Development/Source Code Projects/quanta-projects/slingshot/test/slingshot/slingshot_test.cljc
WARNING: Can't take value of macro slingshot.slingshot-test/mexp1 at line 20 /Users/alexandergunnarson/Development/Source Code Projects/quanta-projects/slingshot/test/slingshot/slingshot_test.cljc
WARNING: Use of undeclared Var slingshot.slingshot-test/throw+ at line 15 /Users/alexandergunnarson/Development/Source Code Projects/quanta-projects/slingshot/test/slingshot/slingshot_test.cljc
WARNING: Can't take value of macro slingshot.slingshot-test/caught-result at line 20 /Users/alexandergunnarson/Development/Source Code Projects/quanta-projects/slingshot/test/slingshot/slingshot_test.cljc
WARNING: Can't take value of macro slingshot.slingshot-test/thistest at line 28 /Users/alexandergunnarson/Development/Source Code Projects/quanta-projects/slingshot/test/slingshot/slingshot_test.cljc
WARNING: Can't take value of macro slingshot.slingshot-test/caught-result-from-catch at line 28 /Users/alexandergunnarson/Development/Source Code Projects/quanta-projects/slingshot/test/slingshot/slingshot_test.cljc
WARNING: Can't take value of macro slingshot.slingshot-test/mega-try at line 28 /Users/alexandergunnarson/Development/Source Code Projects/quanta-projects/slingshot/test/slingshot/slingshot_test.cljc
WARNING: Can't take value of macro slingshot.slingshot-test/mexp1 at line 28 /Users/alexandergunnarson/Development/Source Code Projects/quanta-projects/slingshot/test/slingshot/slingshot_test.cljc
WARNING: Can't take value of macro slingshot.slingshot-test/env at line 28 /Users/alexandergunnarson/Development/Source Code Projects/quanta-projects/slingshot/test/slingshot/slingshot_test.cljc
WARNING: Can't take value of macro slingshot.slingshot-test/caught-result at line 28 /Users/alexandergunnarson/Development/Source Code Projects/quanta-projects/slingshot/test/slingshot/slingshot_test.cljc
WARNING: Use of undeclared Var slingshot.slingshot-test/form at line 28 /Users/alexandergunnarson/Development/Source Code Projects/quanta-projects/slingshot/test/slingshot/slingshot_test.cljc
WARNING: Can't take value of macro slingshot.slingshot-test/thistest at line 28 /Users/alexandergunnarson/Development/Source Code Projects/quanta-projects/slingshot/test/slingshot/slingshot_test.cljc
WARNING: Use of undeclared Var slingshot.slingshot-test/cause at line 28 /Users/alexandergunnarson/Development/Source Code Projects/quanta-projects/slingshot/test/slingshot/slingshot_test.cljc
WARNING: Use of undeclared Var slingshot.slingshot-test/& at line 28 /Users/alexandergunnarson/Development/Source Code Projects/quanta-projects/slingshot/test/slingshot/slingshot_test.cljc
WARNING: Use of undeclared Var slingshot.slingshot-test/body at line 28 /Users/alexandergunnarson/Development/Source Code Projects/quanta-projects/slingshot/test/slingshot/slingshot_test.cljc
WARNING: Can't take value of macro slingshot.slingshot-test/caught-result-from-catch at line 28 /Users/alexandergunnarson/Development/Source Code Projects/quanta-projects/slingshot/test/slingshot/slingshot_test.cljc
WARNING: Use of undeclared Var slingshot.slingshot-test/body at line 28 /Users/alexandergunnarson/Development/Source Code Projects/quanta-projects/slingshot/test/slingshot/slingshot_test.cljc
WARNING: Can't take value of macro slingshot.slingshot-test/mega-try at line 28 /Users/alexandergunnarson/Development/Source Code Projects/quanta-projects/slingshot/test/slingshot/slingshot_test.cljc
WARNING: Use of undeclared Var slingshot.slingshot-test/form at line 28 /Users/alexandergunnarson/Development/Source Code Projects/quanta-projects/slingshot/test/slingshot/slingshot_test.cljc
WARNING: Can't take value of macro slingshot.slingshot-test/mexp1 at line 28 /Users/alexandergunnarson/Development/Source Code Projects/quanta-projects/slingshot/test/slingshot/slingshot_test.cljc
WARNING: Can't take value of macro slingshot.slingshot-test/env at line 28 /Users/alexandergunnarson/Development/Source Code Projects/quanta-projects/slingshot/test/slingshot/slingshot_test.cljc
WARNING: Use of undeclared Var slingshot.slingshot-test/& at line 28 /Users/alexandergunnarson/Development/Source Code Projects/quanta-projects/slingshot/test/slingshot/slingshot_test.cljc
WARNING: Use of undeclared Var slingshot.slingshot-test/body at line 28 /Users/alexandergunnarson/Development/Source Code Projects/quanta-projects/slingshot/test/slingshot/slingshot_test.cljc
WARNING: Can't take value of macro slingshot.slingshot-test/caught-result at line 28 /Users/alexandergunnarson/Development/Source Code Projects/quanta-projects/slingshot/test/slingshot/slingshot_test.cljc
WARNING: Use of undeclared Var slingshot.slingshot-test/console at line 28 /Users/alexandergunnarson/Development/Source Code Projects/quanta-projects/slingshot/test/slingshot/slingshot_test.cljc
WARNING: Use of undeclared Var slingshot.slingshot-test/location at line 28 /Users/alexandergunnarson/Development/Source Code Projects/quanta-projects/slingshot/test/slingshot/slingshot_test.cljc
WARNING: Use of undeclared Var slingshot.slingshot-test/escape at line 28 /Users/alexandergunnarson/Development/Source Code Projects/quanta-projects/slingshot/test/slingshot/slingshot_test.cljc
WARNING: Use of undeclared Var slingshot.slingshot-test/screen at line 28 /Users/alexandergunnarson/Development/Source Code Projects/quanta-projects/slingshot/test/slingshot/slingshot_test.cljc
WARNING: Use of undeclared Var slingshot.slingshot-test/global at line 28 /Users/alexandergunnarson/Development/Source Code Projects/quanta-projects/slingshot/test/slingshot/slingshot_test.cljc
WARNING: Use of undeclared Var slingshot.slingshot-test/process at line 28 /Users/alexandergunnarson/Development/Source Code Projects/quanta-projects/slingshot/test/slingshot/slingshot_test.cljc
WARNING: Use of undeclared Var slingshot.slingshot-test/require at line 28 /Users/alexandergunnarson/Development/Source Code Projects/quanta-projects/slingshot/test/slingshot/slingshot_test.cljc
WARNING: Use of undeclared Var slingshot.slingshot-test/alert at line 28 /Users/alexandergunnarson/Development/Source Code Projects/quanta-projects/slingshot/test/slingshot/slingshot_test.cljc
WARNING: Use of undeclared Var slingshot.slingshot-test/history at line 28 /Users/alexandergunnarson/Development/Source Code Projects/quanta-projects/slingshot/test/slingshot/slingshot_test.cljc
WARNING: Use of undeclared Var slingshot.slingshot-test/window at line 28 /Users/alexandergunnarson/Development/Source Code Projects/quanta-projects/slingshot/test/slingshot/slingshot_test.cljc
WARNING: Use of undeclared Var slingshot.slingshot-test/module at line 28 /Users/alexandergunnarson/Development/Source Code Projects/quanta-projects/slingshot/test/slingshot/slingshot_test.cljc
WARNING: Use of undeclared Var slingshot.slingshot-test/exports at line 28 /Users/alexandergunnarson/Development/Source Code Projects/quanta-projects/slingshot/test/slingshot/slingshot_test.cljc
WARNING: Use of undeclared Var slingshot.slingshot-test/document at line 28 /Users/alexandergunnarson/Development/Source Code Projects/quanta-projects/slingshot/test/slingshot/slingshot_test.cljc
WARNING: Use of undeclared Var slingshot.slingshot-test/navigator at line 28 /Users/alexandergunnarson/Development/Source Code Projects/quanta-projects/slingshot/test/slingshot/slingshot_test.cljc
WARNING: Use of undeclared Var slingshot.slingshot-test/unescape at line 28 /Users/alexandergunnarson/Development/Source Code Projects/quanta-projects/slingshot/test/slingshot/slingshot_test.cljc
WARNING: Use of undeclared Var slingshot.slingshot-test/console at line 28 /Users/alexandergunnarson/Development/Source Code Projects/quanta-projects/slingshot/test/slingshot/slingshot_test.cljc
WARNING: Use of undeclared Var slingshot.slingshot-test/location at line 28 /Users/alexandergunnarson/Development/Source Code Projects/quanta-projects/slingshot/test/slingshot/slingshot_test.cljc
WARNING: Use of undeclared Var slingshot.slingshot-test/escape at line 28 /Users/alexandergunnarson/Development/Source Code Projects/quanta-projects/slingshot/test/slingshot/slingshot_test.cljc
WARNING: Use of undeclared Var slingshot.slingshot-test/screen at line 28 /Users/alexandergunnarson/Development/Source Code Projects/quanta-projects/slingshot/test/slingshot/slingshot_test.cljc
WARNING: Use of undeclared Var slingshot.slingshot-test/global at line 28 /Users/alexandergunnarson/Development/Source Code Projects/quanta-projects/slingshot/test/slingshot/slingshot_test.cljc
WARNING: Use of undeclared Var slingshot.slingshot-test/process at line 28 /Users/alexandergunnarson/Development/Source Code Projects/quanta-projects/slingshot/test/slingshot/slingshot_test.cljc
WARNING: Use of undeclared Var slingshot.slingshot-test/require at line 28 /Users/alexandergunnarson/Development/Source Code Projects/quanta-projects/slingshot/test/slingshot/slingshot_test.cljc
WARNING: Use of undeclared Var slingshot.slingshot-test/alert at line 28 /Users/alexandergunnarson/Development/Source Code Projects/quanta-projects/slingshot/test/slingshot/slingshot_test.cljc
WARNING: Use of undeclared Var slingshot.slingshot-test/history at line 28 /Users/alexandergunnarson/Development/Source Code Projects/quanta-projects/slingshot/test/slingshot/slingshot_test.cljc
WARNING: Use of undeclared Var slingshot.slingshot-test/window at line 28 /Users/alexandergunnarson/Development/Source Code Projects/quanta-projects/slingshot/test/slingshot/slingshot_test.cljc
WARNING: Use of undeclared Var slingshot.slingshot-test/module at line 28 /Users/alexandergunnarson/Development/Source Code Projects/quanta-projects/slingshot/test/slingshot/slingshot_test.cljc
WARNING: Use of undeclared Var slingshot.slingshot-test/exports at line 28 /Users/alexandergunnarson/Development/Source Code Projects/quanta-projects/slingshot/test/slingshot/slingshot_test.cljc
WARNING: Use of undeclared Var slingshot.slingshot-test/document at line 28 /Users/alexandergunnarson/Development/Source Code Projects/quanta-projects/slingshot/test/slingshot/slingshot_test.cljc
WARNING: Use of undeclared Var slingshot.slingshot-test/navigator at line 28 /Users/alexandergunnarson/Development/Source Code Projects/quanta-projects/slingshot/test/slingshot/slingshot_test.cljc
WARNING: Use of undeclared Var slingshot.slingshot-test/unescape at line 28 /Users/alexandergunnarson/Development/Source Code Projects/quanta-projects/slingshot/test/slingshot/slingshot_test.cljc
[32mSuccessfully compiled "target/cljs/figwheel/compiled/slingshot.js" in 4.429 seconds.[0m
notifying browser that file changed:  out/slingshot/slingshot_test.js
[0mCompiling "target/cljs/figwheel/compiled/slingshot.js" from ["src" "test"]...
WARNING: Can't take value of macro slingshot.slingshot-test/caught-result-from-catch at line 20 /Users/alexandergunnarson/Development/Source Code Projects/quanta-projects/slingshot/test/slingshot/slingshot_test.cljc
WARNING: Use of undeclared Var slingshot.slingshot-test/testing at line 6 /Users/alexandergunnarson/Development/Source Code Projects/quanta-projects/slingshot/test/slingshot/slingshot_test.cljc
WARNING: Use of undeclared Var slingshot.slingshot-test/async at line 6 /Users/alexandergunnarson/Development/Source Code Projects/quanta-projects/slingshot/test/slingshot/slingshot_test.cljc
WARNING: Use of undeclared Var slingshot.slingshot-test/go at line 22 /Users/alexandergunnarson/Development/Source Code Projects/quanta-projects/slingshot/test/slingshot/slingshot_test.cljc
WARNING: Use of undeclared Var slingshot.slingshot-test/try+ at line 15 /Users/alexandergunnarson/Development/Source Code Projects/quanta-projects/slingshot/test/slingshot/slingshot_test.cljc
WARNING: Use of undeclared Var slingshot.slingshot-test/is at line 6 /Users/alexandergunnarson/Development/Source Code Projects/quanta-projects/slingshot/test/slingshot/slingshot_test.cljc
WARNING: Can't take value of macro slingshot.slingshot-test/mega-try at line 20 /Users/alexandergunnarson/Development/Source Code Projects/quanta-projects/slingshot/test/slingshot/slingshot_test.cljc
WARNING: Use of undeclared Var slingshot.slingshot-test/deftest at line 6 /Users/alexandergunnarson/Development/Source Code Projects/quanta-projects/slingshot/test/slingshot/slingshot_test.cljc
WARNING: Can't take value of macro slingshot.slingshot-test/mexp1 at line 20 /Users/alexandergunnarson/Development/Source Code Projects/quanta-projects/slingshot/test/slingshot/slingshot_test.cljc
WARNING: Use of undeclared Var slingshot.slingshot-test/throw+ at line 15 /Users/alexandergunnarson/Development/Source Code Projects/quanta-projects/slingshot/test/slingshot/slingshot_test.cljc
WARNING: Can't take value of macro slingshot.slingshot-test/caught-result at line 20 /Users/alexandergunnarson/Development/Source Code Projects/quanta-projects/slingshot/test/slingshot/slingshot_test.cljc
WARNING: Can't take value of macro slingshot.slingshot-test/thistest at line 28 /Users/alexandergunnarson/Development/Source Code Projects/quanta-projects/slingshot/test/slingshot/slingshot_test.cljc
WARNING: Can't take value of macro slingshot.slingshot-test/caught-result-from-catch at line 28 /Users/alexandergunnarson/Development/Source Code Projects/quanta-projects/slingshot/test/slingshot/slingshot_test.cljc
WARNING: Can't take value of macro slingshot.slingshot-test/mega-try at line 28 /Users/alexandergunnarson/Development/Source Code Projects/quanta-projects/slingshot/test/slingshot/slingshot_test.cljc
WARNING: Can't take value of macro slingshot.slingshot-test/mexp1 at line 28 /Users/alexandergunnarson/Development/Source Code Projects/quanta-projects/slingshot/test/slingshot/slingshot_test.cljc
WARNING: Can't take value of macro slingshot.slingshot-test/env at line 28 /Users/alexandergunnarson/Development/Source Code Projects/quanta-projects/slingshot/test/slingshot/slingshot_test.cljc
WARNING: Can't take value of macro slingshot.slingshot-test/caught-result at line 28 /Users/alexandergunnarson/Development/Source Code Projects/quanta-projects/slingshot/test/slingshot/slingshot_test.cljc
WARNING: Use of undeclared Var slingshot.slingshot-test/form at line 28 /Users/alexandergunnarson/Development/Source Code Projects/quanta-projects/slingshot/test/slingshot/slingshot_test.cljc
WARNING: Can't take value of macro slingshot.slingshot-test/thistest at line 28 /Users/alexandergunnarson/Development/Source Code Projects/quanta-projects/slingshot/test/slingshot/slingshot_test.cljc
WARNING: Use of undeclared Var slingshot.slingshot-test/cause at line 28 /Users/alexandergunnarson/Development/Source Code Projects/quanta-projects/slingshot/test/slingshot/slingshot_test.cljc
WARNING: Use of undeclared Var slingshot.slingshot-test/& at line 28 /Users/alexandergunnarson/Development/Source Code Projects/quanta-projects/slingshot/test/slingshot/slingshot_test.cljc
WARNING: Use of undeclared Var slingshot.slingshot-test/body at line 28 /Users/alexandergunnarson/Development/Source Code Projects/quanta-projects/slingshot/test/slingshot/slingshot_test.cljc
WARNING: Can't take value of macro slingshot.slingshot-test/caught-result-from-catch at line 28 /Users/alexandergunnarson/Development/Source Code Projects/quanta-projects/slingshot/test/slingshot/slingshot_test.cljc
WARNING: Use of undeclared Var slingshot.slingshot-test/body at line 28 /Users/alexandergunnarson/Development/Source Code Projects/quanta-projects/slingshot/test/slingshot/slingshot_test.cljc
WARNING: Can't take value of macro slingshot.slingshot-test/mega-try at line 28 /Users/alexandergunnarson/Development/Source Code Projects/quanta-projects/slingshot/test/slingshot/slingshot_test.cljc
WARNING: Use of undeclared Var slingshot.slingshot-test/form at line 28 /Users/alexandergunnarson/Development/Source Code Projects/quanta-projects/slingshot/test/slingshot/slingshot_test.cljc
WARNING: Can't take value of macro slingshot.slingshot-test/mexp1 at line 28 /Users/alexandergunnarson/Development/Source Code Projects/quanta-projects/slingshot/test/slingshot/slingshot_test.cljc
WARNING: Can't take value of macro slingshot.slingshot-test/env at line 28 /Users/alexandergunnarson/Development/Source Code Projects/quanta-projects/slingshot/test/slingshot/slingshot_test.cljc
WARNING: Use of undeclared Var slingshot.slingshot-test/& at line 28 /Users/alexandergunnarson/Development/Source Code Projects/quanta-projects/slingshot/test/slingshot/slingshot_test.cljc
WARNING: Use of undeclared Var slingshot.slingshot-test/body at line 28 /Users/alexandergunnarson/Development/Source Code Projects/quanta-projects/slingshot/test/slingshot/slingshot_test.cljc
WARNING: Can't take value of macro slingshot.slingshot-test/caught-result at line 28 /Users/alexandergunnarson/Development/Source Code Projects/quanta-projects/slingshot/test/slingshot/slingshot_test.cljc
WARNING: Use of undeclared Var slingshot.slingshot-test/console at line 28 /Users/alexandergunnarson/Development/Source Code Projects/quanta-projects/slingshot/test/slingshot/slingshot_test.cljc
WARNING: Use of undeclared Var slingshot.slingshot-test/location at line 28 /Users/alexandergunnarson/Development/Source Code Projects/quanta-projects/slingshot/test/slingshot/slingshot_test.cljc
WARNING: Use of undeclared Var slingshot.slingshot-test/escape at line 28 /Users/alexandergunnarson/Development/Source Code Projects/quanta-projects/slingshot/test/slingshot/slingshot_test.cljc
WARNING: Use of undeclared Var slingshot.slingshot-test/screen at line 28 /Users/alexandergunnarson/Development/Source Code Projects/quanta-projects/slingshot/test/slingshot/slingshot_test.cljc
WARNING: Use of undeclared Var slingshot.slingshot-test/global at line 28 /Users/alexandergunnarson/Development/Source Code Projects/quanta-projects/slingshot/test/slingshot/slingshot_test.cljc
WARNING: Use of undeclared Var slingshot.slingshot-test/process at line 28 /Users/alexandergunnarson/Development/Source Code Projects/quanta-projects/slingshot/test/slingshot/slingshot_test.cljc
WARNING: Use of undeclared Var slingshot.slingshot-test/require at line 28 /Users/alexandergunnarson/Development/Source Code Projects/quanta-projects/slingshot/test/slingshot/slingshot_test.cljc
WARNING: Use of undeclared Var slingshot.slingshot-test/alert at line 28 /Users/alexandergunnarson/Development/Source Code Projects/quanta-projects/slingshot/test/slingshot/slingshot_test.cljc
WARNING: Use of undeclared Var slingshot.slingshot-test/history at line 28 /Users/alexandergunnarson/Development/Source Code Projects/quanta-projects/slingshot/test/slingshot/slingshot_test.cljc
WARNING: Use of undeclared Var slingshot.slingshot-test/window at line 28 /Users/alexandergunnarson/Development/Source Code Projects/quanta-projects/slingshot/test/slingshot/slingshot_test.cljc
WARNING: Use of undeclared Var slingshot.slingshot-test/module at line 28 /Users/alexandergunnarson/Development/Source Code Projects/quanta-projects/slingshot/test/slingshot/slingshot_test.cljc
WARNING: Use of undeclared Var slingshot.slingshot-test/exports at line 28 /Users/alexandergunnarson/Development/Source Code Projects/quanta-projects/slingshot/test/slingshot/slingshot_test.cljc
WARNING: Use of undeclared Var slingshot.slingshot-test/document at line 28 /Users/alexandergunnarson/Development/Source Code Projects/quanta-projects/slingshot/test/slingshot/slingshot_test.cljc
WARNING: Use of undeclared Var slingshot.slingshot-test/navigator at line 28 /Users/alexandergunnarson/Development/Source Code Projects/quanta-projects/slingshot/test/slingshot/slingshot_test.cljc
WARNING: Use of undeclared Var slingshot.slingshot-test/unescape at line 28 /Users/alexandergunnarson/Development/Source Code Projects/quanta-projects/slingshot/test/slingshot/slingshot_test.cljc
WARNING: Use of undeclared Var slingshot.slingshot-test/console at line 28 /Users/alexandergunnarson/Development/Source Code Projects/quanta-projects/slingshot/test/slingshot/slingshot_test.cljc
WARNING: Use of undeclared Var slingshot.slingshot-test/location at line 28 /Users/alexandergunnarson/Development/Source Code Projects/quanta-projects/slingshot/test/slingshot/slingshot_test.cljc
WARNING: Use of undeclared Var slingshot.slingshot-test/escape at line 28 /Users/alexandergunnarson/Development/Source Code Projects/quanta-projects/slingshot/test/slingshot/slingshot_test.cljc
WARNING: Use of undeclared Var slingshot.slingshot-test/screen at line 28 /Users/alexandergunnarson/Development/Source Code Projects/quanta-projects/slingshot/test/slingshot/slingshot_test.cljc
WARNING: Use of undeclared Var slingshot.slingshot-test/global at line 28 /Users/alexandergunnarson/Development/Source Code Projects/quanta-projects/slingshot/test/slingshot/slingshot_test.cljc
WARNING: Use of undeclared Var slingshot.slingshot-test/process at line 28 /Users/alexandergunnarson/Development/Source Code Projects/quanta-projects/slingshot/test/slingshot/slingshot_test.cljc
WARNING: Use of undeclared Var slingshot.slingshot-test/require at line 28 /Users/alexandergunnarson/Development/Source Code Projects/quanta-projects/slingshot/test/slingshot/slingshot_test.cljc
WARNING: Use of undeclared Var slingshot.slingshot-test/alert at line 28 /Users/alexandergunnarson/Development/Source Code Projects/quanta-projects/slingshot/test/slingshot/slingshot_test.cljc
WARNING: Use of undeclared Var slingshot.slingshot-test/history at line 28 /Users/alexandergunnarson/Development/Source Code Projects/quanta-projects/slingshot/test/slingshot/slingshot_test.cljc
WARNING: Use of undeclared Var slingshot.slingshot-test/window at line 28 /Users/alexandergunnarson/Development/Source Code Projects/quanta-projects/slingshot/test/slingshot/slingshot_test.cljc
WARNING: Use of undeclared Var slingshot.slingshot-test/module at line 28 /Users/alexandergunnarson/Development/Source Code Projects/quanta-projects/slingshot/test/slingshot/slingshot_test.cljc
WARNING: Use of undeclared Var slingshot.slingshot-test/exports at line 28 /Users/alexandergunnarson/Development/Source Code Projects/quanta-projects/slingshot/test/slingshot/slingshot_test.cljc
WARNING: Use of undeclared Var slingshot.slingshot-test/document at line 28 /Users/alexandergunnarson/Development/Source Code Projects/quanta-projects/slingshot/test/slingshot/slingshot_test.cljc
WARNING: Use of undeclared Var slingshot.slingshot-test/navigator at line 28 /Users/alexandergunnarson/Development/Source Code Projects/quanta-projects/slingshot/test/slingshot/slingshot_test.cljc
WARNING: Use of undeclared Var slingshot.slingshot-test/unescape at line 28 /Users/alexandergunnarson/Development/Source Code Projects/quanta-projects/slingshot/test/slingshot/slingshot_test.cljc
[32mSuccessfully compiled "target/cljs/figwheel/compiled/slingshot.js" in 4.632 seconds.[0m
notifying browser that file changed:  out/slingshot/slingshot_test.js
[0mCompiling "target/cljs/figwheel/compiled/slingshot.js" from ["src" "test"]...
WARNING: Can't take value of macro slingshot.slingshot-test/caught-result-from-catch at line 20 /Users/alexandergunnarson/Development/Source Code Projects/quanta-projects/slingshot/test/slingshot/slingshot_test.cljc
WARNING: Use of undeclared Var slingshot.slingshot-test/testing at line 6 /Users/alexandergunnarson/Development/Source Code Projects/quanta-projects/slingshot/test/slingshot/slingshot_test.cljc
WARNING: Use of undeclared Var slingshot.slingshot-test/async at line 6 /Users/alexandergunnarson/Development/Source Code Projects/quanta-projects/slingshot/test/slingshot/slingshot_test.cljc
WARNING: Use of undeclared Var slingshot.slingshot-test/go at line 22 /Users/alexandergunnarson/Development/Source Code Projects/quanta-projects/slingshot/test/slingshot/slingshot_test.cljc
WARNING: Use of undeclared Var slingshot.slingshot-test/try+ at line 15 /Users/alexandergunnarson/Development/Source Code Projects/quanta-projects/slingshot/test/slingshot/slingshot_test.cljc
WARNING: Use of undeclared Var slingshot.slingshot-test/is at line 6 /Users/alexandergunnarson/Development/Source Code Projects/quanta-projects/slingshot/test/slingshot/slingshot_test.cljc
WARNING: Can't take value of macro slingshot.slingshot-test/mega-try at line 20 /Users/alexandergunnarson/Development/Source Code Projects/quanta-projects/slingshot/test/slingshot/slingshot_test.cljc
WARNING: Use of undeclared Var slingshot.slingshot-test/deftest at line 6 /Users/alexandergunnarson/Development/Source Code Projects/quanta-projects/slingshot/test/slingshot/slingshot_test.cljc
WARNING: Can't take value of macro slingshot.slingshot-test/mexp1 at line 20 /Users/alexandergunnarson/Development/Source Code Projects/quanta-projects/slingshot/test/slingshot/slingshot_test.cljc
WARNING: Use of undeclared Var slingshot.slingshot-test/throw+ at line 15 /Users/alexandergunnarson/Development/Source Code Projects/quanta-projects/slingshot/test/slingshot/slingshot_test.cljc
WARNING: Can't take value of macro slingshot.slingshot-test/caught-result at line 20 /Users/alexandergunnarson/Development/Source Code Projects/quanta-projects/slingshot/test/slingshot/slingshot_test.cljc
WARNING: Can't take value of macro slingshot.slingshot-test/thistest at line 28 /Users/alexandergunnarson/Development/Source Code Projects/quanta-projects/slingshot/test/slingshot/slingshot_test.cljc
WARNING: Can't take value of macro slingshot.slingshot-test/caught-result-from-catch at line 28 /Users/alexandergunnarson/Development/Source Code Projects/quanta-projects/slingshot/test/slingshot/slingshot_test.cljc
WARNING: Can't take value of macro slingshot.slingshot-test/mega-try at line 28 /Users/alexandergunnarson/Development/Source Code Projects/quanta-projects/slingshot/test/slingshot/slingshot_test.cljc
WARNING: Can't take value of macro slingshot.slingshot-test/mexp1 at line 28 /Users/alexandergunnarson/Development/Source Code Projects/quanta-projects/slingshot/test/slingshot/slingshot_test.cljc
WARNING: Can't take value of macro slingshot.slingshot-test/env at line 28 /Users/alexandergunnarson/Development/Source Code Projects/quanta-projects/slingshot/test/slingshot/slingshot_test.cljc
WARNING: Can't take value of macro slingshot.slingshot-test/caught-result at line 28 /Users/alexandergunnarson/Development/Source Code Projects/quanta-projects/slingshot/test/slingshot/slingshot_test.cljc
WARNING: Use of undeclared Var slingshot.slingshot-test/form at line 28 /Users/alexandergunnarson/Development/Source Code Projects/quanta-projects/slingshot/test/slingshot/slingshot_test.cljc
WARNING: Can't take value of macro slingshot.slingshot-test/thistest at line 28 /Users/alexandergunnarson/Development/Source Code Projects/quanta-projects/slingshot/test/slingshot/slingshot_test.cljc
WARNING: Use of undeclared Var slingshot.slingshot-test/cause at line 28 /Users/alexandergunnarson/Development/Source Code Projects/quanta-projects/slingshot/test/slingshot/slingshot_test.cljc
WARNING: Use of undeclared Var slingshot.slingshot-test/& at line 28 /Users/alexandergunnarson/Development/Source Code Projects/quanta-projects/slingshot/test/slingshot/slingshot_test.cljc
WARNING: Use of undeclared Var slingshot.slingshot-test/body at line 28 /Users/alexandergunnarson/Development/Source Code Projects/quanta-projects/slingshot/test/slingshot/slingshot_test.cljc
WARNING: Can't take value of macro slingshot.slingshot-test/caught-result-from-catch at line 28 /Users/alexandergunnarson/Development/Source Code Projects/quanta-projects/slingshot/test/slingshot/slingshot_test.cljc
WARNING: Use of undeclared Var slingshot.slingshot-test/body at line 28 /Users/alexandergunnarson/Development/Source Code Projects/quanta-projects/slingshot/test/slingshot/slingshot_test.cljc
WARNING: Can't take value of macro slingshot.slingshot-test/mega-try at line 28 /Users/alexandergunnarson/Development/Source Code Projects/quanta-projects/slingshot/test/slingshot/slingshot_test.cljc
WARNING: Use of undeclared Var slingshot.slingshot-test/form at line 28 /Users/alexandergunnarson/Development/Source Code Projects/quanta-projects/slingshot/test/slingshot/slingshot_test.cljc
WARNING: Can't take value of macro slingshot.slingshot-test/mexp1 at line 28 /Users/alexandergunnarson/Development/Source Code Projects/quanta-projects/slingshot/test/slingshot/slingshot_test.cljc
WARNING: Can't take value of macro slingshot.slingshot-test/env at line 28 /Users/alexandergunnarson/Development/Source Code Projects/quanta-projects/slingshot/test/slingshot/slingshot_test.cljc
WARNING: Use of undeclared Var slingshot.slingshot-test/& at line 28 /Users/alexandergunnarson/Development/Source Code Projects/quanta-projects/slingshot/test/slingshot/slingshot_test.cljc
WARNING: Use of undeclared Var slingshot.slingshot-test/body at line 28 /Users/alexandergunnarson/Development/Source Code Projects/quanta-projects/slingshot/test/slingshot/slingshot_test.cljc
WARNING: Can't take value of macro slingshot.slingshot-test/caught-result at line 28 /Users/alexandergunnarson/Development/Source Code Projects/quanta-projects/slingshot/test/slingshot/slingshot_test.cljc
WARNING: Use of undeclared Var slingshot.slingshot-test/console at line 28 /Users/alexandergunnarson/Development/Source Code Projects/quanta-projects/slingshot/test/slingshot/slingshot_test.cljc
WARNING: Use of undeclared Var slingshot.slingshot-test/location at line 28 /Users/alexandergunnarson/Development/Source Code Projects/quanta-projects/slingshot/test/slingshot/slingshot_test.cljc
WARNING: Use of undeclared Var slingshot.slingshot-test/escape at line 28 /Users/alexandergunnarson/Development/Source Code Projects/quanta-projects/slingshot/test/slingshot/slingshot_test.cljc
WARNING: Use of undeclared Var slingshot.slingshot-test/screen at line 28 /Users/alexandergunnarson/Development/Source Code Projects/quanta-projects/slingshot/test/slingshot/slingshot_test.cljc
WARNING: Use of undeclared Var slingshot.slingshot-test/global at line 28 /Users/alexandergunnarson/Development/Source Code Projects/quanta-projects/slingshot/test/slingshot/slingshot_test.cljc
WARNING: Use of undeclared Var slingshot.slingshot-test/process at line 28 /Users/alexandergunnarson/Development/Source Code Projects/quanta-projects/slingshot/test/slingshot/slingshot_test.cljc
WARNING: Use of undeclared Var slingshot.slingshot-test/require at line 28 /Users/alexandergunnarson/Development/Source Code Projects/quanta-projects/slingshot/test/slingshot/slingshot_test.cljc
WARNING: Use of undeclared Var slingshot.slingshot-test/alert at line 28 /Users/alexandergunnarson/Development/Source Code Projects/quanta-projects/slingshot/test/slingshot/slingshot_test.cljc
WARNING: Use of undeclared Var slingshot.slingshot-test/history at line 28 /Users/alexandergunnarson/Development/Source Code Projects/quanta-projects/slingshot/test/slingshot/slingshot_test.cljc
WARNING: Use of undeclared Var slingshot.slingshot-test/window at line 28 /Users/alexandergunnarson/Development/Source Code Projects/quanta-projects/slingshot/test/slingshot/slingshot_test.cljc
WARNING: Use of undeclared Var slingshot.slingshot-test/module at line 28 /Users/alexandergunnarson/Development/Source Code Projects/quanta-projects/slingshot/test/slingshot/slingshot_test.cljc
WARNING: Use of undeclared Var slingshot.slingshot-test/exports at line 28 /Users/alexandergunnarson/Development/Source Code Projects/quanta-projects/slingshot/test/slingshot/slingshot_test.cljc
WARNING: Use of undeclared Var slingshot.slingshot-test/document at line 28 /Users/alexandergunnarson/Development/Source Code Projects/quanta-projects/slingshot/test/slingshot/slingshot_test.cljc
WARNING: Use of undeclared Var slingshot.slingshot-test/navigator at line 28 /Users/alexandergunnarson/Development/Source Code Projects/quanta-projects/slingshot/test/slingshot/slingshot_test.cljc
WARNING: Use of undeclared Var slingshot.slingshot-test/unescape at line 28 /Users/alexandergunnarson/Development/Source Code Projects/quanta-projects/slingshot/test/slingshot/slingshot_test.cljc
WARNING: Use of undeclared Var slingshot.slingshot-test/console at line 28 /Users/alexandergunnarson/Development/Source Code Projects/quanta-projects/slingshot/test/slingshot/slingshot_test.cljc
WARNING: Use of undeclared Var slingshot.slingshot-test/location at line 28 /Users/alexandergunnarson/Development/Source Code Projects/quanta-projects/slingshot/test/slingshot/slingshot_test.cljc
WARNING: Use of undeclared Var slingshot.slingshot-test/escape at line 28 /Users/alexandergunnarson/Development/Source Code Projects/quanta-projects/slingshot/test/slingshot/slingshot_test.cljc
WARNING: Use of undeclared Var slingshot.slingshot-test/screen at line 28 /Users/alexandergunnarson/Development/Source Code Projects/quanta-projects/slingshot/test/slingshot/slingshot_test.cljc
WARNING: Use of undeclared Var slingshot.slingshot-test/global at line 28 /Users/alexandergunnarson/Development/Source Code Projects/quanta-projects/slingshot/test/slingshot/slingshot_test.cljc
WARNING: Use of undeclared Var slingshot.slingshot-test/process at line 28 /Users/alexandergunnarson/Development/Source Code Projects/quanta-projects/slingshot/test/slingshot/slingshot_test.cljc
WARNING: Use of undeclared Var slingshot.slingshot-test/require at line 28 /Users/alexandergunnarson/Development/Source Code Projects/quanta-projects/slingshot/test/slingshot/slingshot_test.cljc
WARNING: Use of undeclared Var slingshot.slingshot-test/alert at line 28 /Users/alexandergunnarson/Development/Source Code Projects/quanta-projects/slingshot/test/slingshot/slingshot_test.cljc
WARNING: Use of undeclared Var slingshot.slingshot-test/history at line 28 /Users/alexandergunnarson/Development/Source Code Projects/quanta-projects/slingshot/test/slingshot/slingshot_test.cljc
WARNING: Use of undeclared Var slingshot.slingshot-test/window at line 28 /Users/alexandergunnarson/Development/Source Code Projects/quanta-projects/slingshot/test/slingshot/slingshot_test.cljc
WARNING: Use of undeclared Var slingshot.slingshot-test/module at line 28 /Users/alexandergunnarson/Development/Source Code Projects/quanta-projects/slingshot/test/slingshot/slingshot_test.cljc
WARNING: Use of undeclared Var slingshot.slingshot-test/exports at line 28 /Users/alexandergunnarson/Development/Source Code Projects/quanta-projects/slingshot/test/slingshot/slingshot_test.cljc
WARNING: Use of undeclared Var slingshot.slingshot-test/document at line 28 /Users/alexandergunnarson/Development/Source Code Projects/quanta-projects/slingshot/test/slingshot/slingshot_test.cljc
WARNING: Use of undeclared Var slingshot.slingshot-test/navigator at line 28 /Users/alexandergunnarson/Development/Source Code Projects/quanta-projects/slingshot/test/slingshot/slingshot_test.cljc
WARNING: Use of undeclared Var slingshot.slingshot-test/unescape at line 28 /Users/alexandergunnarson/Development/Source Code Projects/quanta-projects/slingshot/test/slingshot/slingshot_test.cljc
[32mSuccessfully compiled "target/cljs/figwheel/compiled/slingshot.js" in 4.449 seconds.[0m
notifying browser that file changed:  out/slingshot/slingshot_test.js
[0mCompiling "target/cljs/figwheel/compiled/slingshot.js" from ["src" "test"]...
[31mFailed to compile "target/cljs/figwheel/compiled/slingshot.js" in 0.537 seconds.[0m
[31mCompiling "target/cljs/figwheel/compiled/slingshot.js" failed.
[0m[31mANALYSIS ERROR: Attempting to call unbound fn: #'clojure.core/unquote at line 28 /Users/alexandergunnarson/Development/Source Code Projects/quanta-projects/slingshot/test/slingshot/slingshot_test.cljc on file /Users/alexandergunnarson/Development/Source Code Projects/quanta-projects/slingshot/test/slingshot/slingshot_test.cljc, line 28, column 14[0m
[0mCompiling "target/cljs/figwheel/compiled/slingshot.js" from ["src" "test"]...
[32mSuccessfully compiled "target/cljs/figwheel/compiled/slingshot.js" in 3.611 seconds.[0m
notifying browser that file changed:  out/slingshot/slingshot_test.js
[0mCompiling "target/cljs/figwheel/compiled/slingshot.js" from ["src" "test"]...
[32mSuccessfully compiled "target/cljs/figwheel/compiled/slingshot.js" in 3.653 seconds.[0m
notifying browser that file changed:  out/slingshot/slingshot_test.js
[0mCompiling "target/cljs/figwheel/compiled/slingshot.js" from ["src" "test"]...
[32mSuccessfully compiled "target/cljs/figwheel/compiled/slingshot.js" in 3.828 seconds.[0m
notifying browser that file changed:  out/slingshot/slingshot_test.js
[0mCompiling "target/cljs/figwheel/compiled/slingshot.js" from ["src" "test"]...
[32mSuccessfully compiled "target/cljs/figwheel/compiled/slingshot.js" in 3.89 seconds.[0m
notifying browser that file changed:  out/slingshot/slingshot_test.js
[0mCompiling "target/cljs/figwheel/compiled/slingshot.js" from ["src" "test"]...
[32mSuccessfully compiled "target/cljs/figwheel/compiled/slingshot.js" in 3.747 seconds.[0m
notifying browser that file changed:  out/slingshot/slingshot_test.js
[0mCompiling "target/cljs/figwheel/compiled/slingshot.js" from ["src" "test"]...
[32mSuccessfully compiled "target/cljs/figwheel/compiled/slingshot.js" in 3.652 seconds.[0m
notifying browser that file changed:  out/slingshot/slingshot_test.js
[0mCompiling "target/cljs/figwheel/compiled/slingshot.js" from ["src" "test"]...
[32mSuccessfully compiled "target/cljs/figwheel/compiled/slingshot.js" in 3.603 seconds.[0m
notifying browser that file changed:  out/slingshot/slingshot_test.js
[0mCompiling "target/cljs/figwheel/compiled/slingshot.js" from ["src" "test"]...
[32mSuccessfully compiled "target/cljs/figwheel/compiled/slingshot.js" in 3.67 seconds.[0m
notifying browser that file changed:  out/slingshot/slingshot_test.js
[0mCompiling "target/cljs/figwheel/compiled/slingshot.js" from ["src" "test"]...
[32mSuccessfully compiled "target/cljs/figwheel/compiled/slingshot.js" in 3.579 seconds.[0m
notifying browser that file changed:  out/slingshot/slingshot_test.js
[0mCompiling "target/cljs/figwheel/compiled/slingshot.js" from ["src" "test"]...
[32mSuccessfully compiled "target/cljs/figwheel/compiled/slingshot.js" in 3.656 seconds.[0m
notifying browser that file changed:  out/slingshot/slingshot_test.js
[0mCompiling "target/cljs/figwheel/compiled/slingshot.js" from ["src" "test"]...
[32mSuccessfully compiled "target/cljs/figwheel/compiled/slingshot.js" in 3.805 seconds.[0m
notifying browser that file changed:  out/slingshot/slingshot_test.js
[0mCompiling "target/cljs/figwheel/compiled/slingshot.js" from ["src" "test"]...
WARNING: Use of undeclared Var cljs.compiler/macroexpand-1 at line 28 /Users/alexandergunnarson/Development/Source Code Projects/quanta-projects/slingshot/test/slingshot/slingshot_test.cljc
[32mSuccessfully compiled "target/cljs/figwheel/compiled/slingshot.js" in 5.003 seconds.[0m
notifying browser that file changed:  out/slingshot/slingshot_test.js
[0mCompiling "target/cljs/figwheel/compiled/slingshot.js" from ["src" "test"]...
WARNING: Use of undeclared Var cljs.compiler/macroexpand-1 at line 29 /Users/alexandergunnarson/Development/Source Code Projects/quanta-projects/slingshot/test/slingshot/slingshot_test.cljc
[32mSuccessfully compiled "target/cljs/figwheel/compiled/slingshot.js" in 6.481 seconds.[0m
notifying browser that file changed:  target/cljs/figwheel/compiled/cljs_deps.js
notifying browser that file changed:  out/slingshot/slingshot_test.js
[0mCompiling "target/cljs/figwheel/compiled/slingshot.js" from ["src" "test"]...
[32mSuccessfully compiled "target/cljs/figwheel/compiled/slingshot.js" in 3.752 seconds.[0m
notifying browser that file changed:  out/slingshot/slingshot_test.js
[0mCompiling "target/cljs/figwheel/compiled/slingshot.js" from ["src" "test"]...
[32mSuccessfully compiled "target/cljs/figwheel/compiled/slingshot.js" in 3.92 seconds.[0m
notifying browser that file changed:  out/slingshot/slingshot_test.js
[0mCompiling "target/cljs/figwheel/compiled/slingshot.js" from ["src" "test"]...
[32mSuccessfully compiled "target/cljs/figwheel/compiled/slingshot.js" in 4.004 seconds.[0m
notifying browser that file changed:  target/cljs/figwheel/compiled/cljs_deps.js
notifying browser that file changed:  out/slingshot/slingshot_test.js
[0mCompiling "target/cljs/figwheel/compiled/slingshot.js" from ["src" "test"]...
WARNING: Use of undeclared Var slingshot.util/format at line 39 /Users/alexandergunnarson/Development/Source Code Projects/quanta-projects/slingshot/src/slingshot/util.cljc
[31mFailed to compile "target/cljs/figwheel/compiled/slingshot.js" in 0.55 seconds.[0m
[31mCompiling "target/cljs/figwheel/compiled/slingshot.js" failed.
[0m[31mANALYSIS ERROR: Invalid :refer, var slingshot.util/format does not exist in file src/slingshot/support.cljc on file null, line null, column null[0m
[0mCompiling "target/cljs/figwheel/compiled/slingshot.js" from ["src" "test"]...
[31mFailed to compile "target/cljs/figwheel/compiled/slingshot.js" in 0.007 seconds.[0m
[31mCompiling "target/cljs/figwheel/compiled/slingshot.js" failed.
[0mclojure.lang.Compiler$CompilerException: java.lang.IllegalStateException: format already refers to: #'slingshot.util/format in namespace: slingshot.support, compiling:(/Users/alexandergunnarson/Development/Source Code Projects/quanta-projects/slingshot/src/slingshot/support.cljc:13:1)
 at clojure.lang.Compiler.analyzeSeq (Compiler.java:6875)
    clojure.lang.Compiler.analyze (Compiler.java:6669)
    clojure.lang.Compiler.analyze (Compiler.java:6625)
    clojure.lang.Compiler.eval (Compiler.java:6931)
    clojure.lang.Compiler.load (Compiler.java:7379)
    clojure.lang.Compiler.loadFile (Compiler.java:7317)
    clojure.lang.RT$3.invoke (RT.java:320)
    figwheel_sidecar.build_middleware.clj_reloading$handle_clj_source_reloading.invokeStatic (clj_reloading.clj:77)
    figwheel_sidecar.build_middleware.clj_reloading$handle_clj_source_reloading.invoke (clj_reloading.clj:62)
    figwheel_sidecar.build_middleware.clj_reloading$hook$fn__17977.invoke (clj_reloading.clj:109)
    figwheel_sidecar.build_middleware.javascript_reloading$hook$fn__18023.invoke (javascript_reloading.clj:60)
    figwheel_sidecar.components.cljs_autobuild$eval18038$figwheel_start_and_end_messages__18041$fn__18043.invoke (cljs_autobuild.clj:51)
    figwheel_sidecar.build_middleware.notifications$hook$fn__17901.invoke (notifications.clj:217)
    figwheel_sidecar.components.cljs_autobuild$execute_build$fn__18069.invoke (cljs_autobuild.clj:158)
    figwheel_sidecar.utils$sync_exec$fn__2145$fn__2146.invoke (utils.clj:13)
    figwheel_sidecar.utils$sync_exec$fn__2145.invoke (utils.clj:12)
    clojure.core$binding_conveyor_fn$fn__4676.invoke (core.clj:1941)
    clojure.lang.AFn.applyToHelper (AFn.java:154)
    clojure.lang.RestFn.applyTo (RestFn.java:132)
    clojure.lang.Agent$Action.doRun (Agent.java:114)
    clojure.lang.Agent$Action.run (Agent.java:163)
    java.util.concurrent.ThreadPoolExecutor.runWorker (ThreadPoolExecutor.java:1142)
    java.util.concurrent.ThreadPoolExecutor$Worker.run (ThreadPoolExecutor.java:617)
    java.lang.Thread.run (Thread.java:745)
[0mCompiling "target/cljs/figwheel/compiled/slingshot.js" from ["src" "test"]...
[31mFailed to compile "target/cljs/figwheel/compiled/slingshot.js" in 0.008 seconds.[0m
[31mCompiling "target/cljs/figwheel/compiled/slingshot.js" failed.
[0mclojure.lang.Compiler$CompilerException: java.lang.IllegalStateException: format already refers to: #'slingshot.util/format in namespace: slingshot.support, compiling:(/Users/alexandergunnarson/Development/Source Code Projects/quanta-projects/slingshot/src/slingshot/support.cljc:13:1)
 at clojure.lang.Compiler.analyzeSeq (Compiler.java:6875)
    clojure.lang.Compiler.analyze (Compiler.java:6669)
    clojure.lang.Compiler.analyze (Compiler.java:6625)
    clojure.lang.Compiler.eval (Compiler.java:6931)
    clojure.lang.Compiler.load (Compiler.java:7379)
    clojure.lang.Compiler.loadFile (Compiler.java:7317)
    clojure.lang.RT$3.invoke (RT.java:320)
    figwheel_sidecar.build_middleware.clj_reloading$handle_clj_source_reloading.invokeStatic (clj_reloading.clj:77)
    figwheel_sidecar.build_middleware.clj_reloading$handle_clj_source_reloading.invoke (clj_reloading.clj:62)
    figwheel_sidecar.build_middleware.clj_reloading$hook$fn__17977.invoke (clj_reloading.clj:109)
    figwheel_sidecar.build_middleware.javascript_reloading$hook$fn__18023.invoke (javascript_reloading.clj:60)
    figwheel_sidecar.components.cljs_autobuild$eval18038$figwheel_start_and_end_messages__18041$fn__18043.invoke (cljs_autobuild.clj:51)
    figwheel_sidecar.build_middleware.notifications$hook$fn__17901.invoke (notifications.clj:217)
    figwheel_sidecar.components.cljs_autobuild$execute_build$fn__18069.invoke (cljs_autobuild.clj:158)
    figwheel_sidecar.utils$sync_exec$fn__2145$fn__2146.invoke (utils.clj:13)
    figwheel_sidecar.utils$sync_exec$fn__2145.invoke (utils.clj:12)
    clojure.core$binding_conveyor_fn$fn__4676.invoke (core.clj:1941)
    clojure.lang.AFn.applyToHelper (AFn.java:154)
    clojure.lang.RestFn.applyTo (RestFn.java:132)
    clojure.lang.Agent$Action.doRun (Agent.java:114)
    clojure.lang.Agent$Action.run (Agent.java:163)
    java.util.concurrent.ThreadPoolExecutor.runWorker (ThreadPoolExecutor.java:1142)
    java.util.concurrent.ThreadPoolExecutor$Worker.run (ThreadPoolExecutor.java:617)
    java.lang.Thread.run (Thread.java:745)
